Cadence Genus(TM) Synthesis Solution.
Copyright 2024 Cadence Design Systems, Inc. All rights reserved worldwide.
Cadence and the Cadence logo are registered trademarks and Genus is a trademark
of Cadence Design Systems, Inc. in the United States and other countries.

[02:33:10.163145] Configured Lic search path (22.01-s003): 5280@172.31.52.241

Version: 22.17-s071_1, built Wed Sep 11 20:37:05 PDT 2024
Options: 
Date:    Wed Jul 08 02:33:10 2026
Host:    kopo-seongnam (x86_64 w/Linux 3.10.0-1160.el7.x86_64) (20cores*80cpus*2physical cpus*Intel(R) Xeon(R) Gold 5218R CPU @ 2.10GHz 28160KB) (394624392KB)
PID:     212805
OS:      CentOS Linux release 7.9.2009 (Core)

Checking out license: Genus_Synthesis
[02:33:10.235586] Periodic Lic check successful
[02:33:10.235594] Feature usage summary:
[02:33:10.235595] Genus_Synthesis



***********************************************************************************************************
***********************************************************************************************************



Finished executable startup (0 seconds elapsed).

Loading tool scripts...
Finished loading tool scripts (14 seconds elapsed).

WARNING: This version of the tool is 663 days old.
@genus:root: 1> exit

Lic Summary:
[02:33:39.355011] Cdslmd servers: kopo-seongnam
[02:33:39.355035] Feature usage summary:
[02:33:39.355035] Genus_Synthesis

Normal exit.