xmsim(64): 22.03-s012: (c) Copyright 1995-2023 Cadence Design Systems, Inc.
TOOL:	xmsim(64)	22.03-s012: Started on Jul 01, 2026 at 00:21:22 KST
xmsim
    -MESS
    tb_GPIO_MUX
    -gui

xmsim: *W,NOMTDGUI: Multi-Threaded Dumping is disabled for interactive debug mode.

-------------------------------------
Relinquished control to SimVision...
xcelium> 
xcelium> database -open waves -into waves.shm -default
Created default SHM database waves
xcelium> probe -create -shm tb_GPIO_MUX.o_gpio_pin tb_GPIO_MUX.i_peri0 tb_GPIO_MUX.i_pwm1 tb_GPIO_MUX.i_rx0 tb_GPIO_MUX.i_sel tb_GPIO_MUX.i_tx0
Created probe 1
xcelium> run
Simulation complete via $finish(1) at time 40 NS + 0
./tb_GPIO_MUX.v:35 	$finish;
xcelium> run
xmsim: *E,RNFNSH: Cannot continue simulation due to a previous $finish.
xcelium> scope -set tb_GPIO_MUX
xcelium> ^C
xcelium> exit
TOOL:	xmsim(64)	22.03-s012: Exiting on Jul 01, 2026 at 00:37:18 KST  (total: 00:15:56)
