xmsim(64): 22.03-s012: (c) Copyright 1995-2023 Cadence Design Systems, Inc.
TOOL:	xmsim(64)	22.03-s012: Started on Jul 07, 2026 at 04:35:05 KST
xmsim
    -MESS
    tb_FSM3
    -gui

xmsim: *W,NOMTDGUI: Multi-Threaded Dumping is disabled for interactive debug mode.

-------------------------------------
Relinquished control to SimVision...
xcelium> 
xcelium> database -open waves -into waves.shm -default
Created default SHM database waves
xcelium> probe -create -shm tb_FSM3.DUT.ws tb_FSM3.DUT.clk tb_FSM3.DUT.ds tb_FSM3.DUT.go tb_FSM3.DUT.next tb_FSM3.DUT.rd tb_FSM3.DUT.rst_n tb_FSM3.DUT.state
Created probe 1
xcelium> run
Simulation complete via $finish(1) at time 500 NS + 0
./tb_FSM3.v:46 	#100; $finish;
xcelium> scope -set tb_FSM3.DUT
xcelium> ^C
xcelium> exit
TOOL:	xmsim(64)	22.03-s012: Exiting on Jul 07, 2026 at 05:40:01 KST  (total: 01:04:56)
