xmsim(64): 22.03-s012: (c) Copyright 1995-2023 Cadence Design Systems, Inc.
TOOL:	xmsim(64)	22.03-s012: Started on Jun 30, 2026 at 22:38:01 KST
xmsim
    -MESS
    tb_pipeline
    -gui

xmsim: *W,NOMTDGUI: Multi-Threaded Dumping is disabled for interactive debug mode.

-------------------------------------
Relinquished control to SimVision...
xcelium> 
xcelium> run
Simulation complete via $finish(1) at time 80 NS + 0
./tb_pipeline.v:47 $finish;
xcelium> probe -create -shm tb_pipeline.rst_n tb_pipeline.clk tb_pipeline.in1 tb_pipeline.in2 tb_pipeline.in3 tb_pipeline.out
Created default SHM database xcelium.shm
Created probe 1
xcelium> run
xmsim: *E,RNFNSH: Cannot continue simulation due to a previous $finish.
xcelium> run
xmsim: *E,RNFNSH: Cannot continue simulation due to a previous $finish.
xcelium> run
xmsim: *E,RNFNSH: Cannot continue simulation due to a previous $finish.
xcelium> ^C
xcelium> exit
TOOL:	xmsim(64)	22.03-s012: Exiting on Jun 30, 2026 at 22:40:16 KST  (total: 00:02:15)
