xmelab(64): 22.03-s012: (c) Copyright 1995-2023 Cadence Design Systems, Inc.
TOOL:	xmelab(64)	22.03-s012: Started on Jul 01, 2026 at 19:57:10 KST
xmelab
    -MESS
    -access rwc
    tb_comparator

	Elaborating the design hierarchy:
		Caching library 'work_lib' ....... Done
	.i_a(i_a),
	       |
xmelab: *W,CUVMPW (./tb_comparator.v,10|8): port sizes differ in port connection(4/32) for the instance(tb_comparator) .
	.i_b(i_b),
	       |
xmelab: *W,CUVMPW (./tb_comparator.v,11|8): port sizes differ in port connection(4/32) for the instance(tb_comparator) .
	Building instance overlay tables: .................... Done
	Generating native compiled code:
		work_lib.comparator:module <0x79f5dc6d>
			streams:   3, words:   544
		work_lib.tb_comparator:module <0x483803b7>
			streams:   4, words:  9645
	Building instance specific data structures.
	Loading native compiled code:     .................... Done
	Design hierarchy summary:
		                 Instances  Unique
		Modules:                 2       2
		Registers:               2       2
		Scalar wires:            3       -
		Vectored wires:          2       -
		Initial blocks:          1       1
		Cont. assignments:       3       3
		Pseudo assignments:      2       2
		Simulation timescale:  1ps
	Writing initial simulation snapshot: work_lib.tb_comparator:module
TOOL:	xmelab(64)	22.03-s012: Exiting on Jul 01, 2026 at 19:57:10 KST  (total: 00:00:00)
