xmelab(64): 22.03-s012: (c) Copyright 1995-2023 Cadence Design Systems, Inc.
TOOL:	xmelab(64)	22.03-s012: Started on Jul 09, 2026 at 05:24:56 KST
xmelab
    -MESS
    -access rwc
    tb_ls194

	Elaborating the design hierarchy:
		Caching library 'work_lib' ....... Done
	Building instance overlay tables: .................... Done
	Generating native compiled code:
		work_lib.ls194:module <0x36cf8ce0>
			streams:   7, words:  2933
		work_lib.tb_ls194:module <0x2b5c973e>
			streams:  10, words: 15508
	Building instance specific data structures.
	Loading native compiled code:     .................... Done
	Design hierarchy summary:
		                 Instances  Unique
		Modules:                 2       2
		Registers:               7       7
		Scalar wires:            4       -
		Vectored wires:          3       -
		Always blocks:           2       2
		Initial blocks:          2       2
		Pseudo assignments:      6       6
		Simulation timescale:  1ps
	Writing initial simulation snapshot: work_lib.tb_ls194:module
TOOL:	xmelab(64)	22.03-s012: Exiting on Jul 09, 2026 at 05:24:56 KST  (total: 00:00:00)
