============================================================
  Generated by:           Genus(TM) Synthesis Solution 22.17-s071_1
  Generated on:           Jul 09 2026  06:00:50 am
  Module:                 ls194
  Operating conditions:   PVT_0P9V_125C (balanced_tree)
  Wireload mode:          enclosed
  Area mode:              timing library
============================================================


Path 1: MET (9399 ps) Setup Check with Pin o_q_reg[2]/CK->D
          Group: clk
     Startpoint: (R) o_q_reg[2]/CK
          Clock: (R) clk
       Endpoint: (R) o_q_reg[2]/D
          Clock: (R) clk

                     Capture       Launch     
        Clock Edge:+   10000            0     
       Src Latency:+       0            0     
       Net Latency:+       0 (I)        0 (I) 
           Arrival:=   10000            0     
                                              
             Setup:-     123                  
       Uncertainty:-      10                  
     Required Time:=    9867                  
      Launch Clock:-       0                  
         Data Path:-     468                  
             Slack:=    9399                  

#---------------------------------------------------------------------------------------
# Timing Point   Flags   Arc   Edge   Cell     Fanout Load Trans Delay Arrival Instance 
#                                                     (fF)  (ps)  (ps)   (ps)  Location 
#---------------------------------------------------------------------------------------
  o_q_reg[2]/CK  -       -     R     (arrival)      4    -   100     0       0    (-,-) 
  o_q_reg[2]/Q   -       CK->Q R     DFFRHQX1       4  1.2    39   292     292    (-,-) 
  g395__6783/Y   -       A1->Y F     AOI22X1        1  0.3   103   100     392    (-,-) 
  g389__2398/Y   -       C0->Y R     OAI211X1       1  0.3    86    76     468    (-,-) 
  o_q_reg[2]/D   -       -     R     DFFRHQX1       1    -     -     0     468    (-,-) 
#---------------------------------------------------------------------------------------

