###############################################################
#  Generated by:      Cadence Innovus 22.17-s086_1
#  OS:                Linux x86_64(Host ID kopo-seongnam)
#  Generated on:      Thu Jul  9 18:10:03 2026
#  Design:            ls194
#  Command:           check_drc
###############################################################
#set_verify_drc_mode -area {0 0 0 0} -check_ndr_spacing auto -check_only default -check_same_via_cell true -disable_rules "" -exclude_pg_net false -ignore_cell_blockage false -ignore_trial_route false -limit 1000 -report ls194.drc.rpt -use_min_spacing_on_block_obs auto

SHORT: ( Metal Short ) Special Wire of Net VDD & Pin of Cell o_q_reg[3]  ( Metal1 )
Bounds : ( 2.600, 2.600 ) ( 11.200, 2.720 )


SHORT: ( Metal Short ) Special Wire of Net VSS & Pin of Cell g402__7098  ( Metal1 )
Bounds : ( 2.600, 4.310 ) ( 11.200, 4.430 )


SHORT: ( Metal Short ) Special Wire of Net VDD & Pin of Cell g403__6131  ( Metal1 )
Bounds : ( 2.600, 6.020 ) ( 11.200, 6.140 )


SHORT: ( Metal Short ) Special Wire of Net VSS & Pin of Cell g395__6783  ( Metal1 )
Bounds : ( 2.600, 7.730 ) ( 11.200, 7.850 )


SHORT: ( Metal Short ) Special Wire of Net VDD & Pin of Cell o_q_reg[1]  ( Metal1 )
Bounds : ( 2.600, 9.440 ) ( 11.200, 9.560 )


SHORT: ( Metal Short ) Special Wire of Net VSS & Pin of Cell o_q_reg[0]  ( Metal1 )
Bounds : ( 2.600, 11.150 ) ( 11.200, 11.270 )


  Total Violations : 6 Viols.
